d:\home\gh_plugins\betterfbx\betterfbx\bin\debug\net48\betterfbxlib.lib
d:\home\gh_plugins\betterfbx\betterfbx\bin\debug\net48\betterfbxlib.exp
d:\home\gh_plugins\betterfbx\betterfbxlib\x64\debug\betterfbxlib.pch
d:\home\gh_plugins\betterfbx\betterfbxlib\x64\debug\vc142.pdb
d:\home\gh_plugins\betterfbx\betterfbxlib\x64\debug\vc142.idb
d:\home\gh_plugins\betterfbx\betterfbxlib\x64\debug\betterfbxlibapp.obj
d:\home\gh_plugins\betterfbx\betterfbxlib\x64\debug\fbxoperator.obj
d:\home\gh_plugins\betterfbx\betterfbxlib\x64\debug\betterfbxlib.obj
d:\home\gh_plugins\betterfbx\betterfbxlib\x64\debug\betterfbxlib.ilk
d:\home\gh_plugins\betterfbx\betterfbx\bin\debug\net48\betterfbxlib.dll
d:\home\gh_plugins\betterfbx\betterfbx\bin\debug\net48\betterfbxlib.pdb
d:\home\gh_plugins\betterfbx\betterfbxlib\x64\debug\betterfbxlib.res
d:\home\gh_plugins\betterfbx\\betterfbx\bin\debug\net48\betterfbxlib.pdb
d:\home\gh_plugins\betterfbx\betterfbxlib\x64\debug\betterfbxlib.tlog\betterfbxlib.write.1u.tlog
d:\home\gh_plugins\betterfbx\betterfbxlib\x64\debug\betterfbxlib.tlog\cl.command.1.tlog
d:\home\gh_plugins\betterfbx\betterfbxlib\x64\debug\betterfbxlib.tlog\cl.read.1.tlog
d:\home\gh_plugins\betterfbx\betterfbxlib\x64\debug\betterfbxlib.tlog\cl.write.1.tlog
d:\home\gh_plugins\betterfbx\betterfbxlib\x64\debug\betterfbxlib.tlog\link.command.1.tlog
d:\home\gh_plugins\betterfbx\betterfbxlib\x64\debug\betterfbxlib.tlog\link.read.1.tlog
d:\home\gh_plugins\betterfbx\betterfbxlib\x64\debug\betterfbxlib.tlog\link.write.1.tlog
d:\home\gh_plugins\betterfbx\betterfbxlib\x64\debug\betterfbxlib.tlog\rc.command.1.tlog
d:\home\gh_plugins\betterfbx\betterfbxlib\x64\debug\betterfbxlib.tlog\rc.read.1.tlog
d:\home\gh_plugins\betterfbx\betterfbxlib\x64\debug\betterfbxlib.tlog\rc.write.1.tlog
