d:\home\gh_plugins\betterfbx\betterfbx\bin\release\net48\betterfbxlib.lib
d:\home\gh_plugins\betterfbx\betterfbx\bin\release\net48\betterfbxlib.exp
d:\home\gh_plugins\betterfbx\betterfbxlib\x64\release\betterfbxlib.pch
d:\home\gh_plugins\betterfbx\betterfbxlib\x64\release\vc142.pdb
d:\home\gh_plugins\betterfbx\betterfbxlib\x64\release\stdafx.obj
d:\home\gh_plugins\betterfbx\betterfbxlib\x64\release\betterfbxlibapp.obj
d:\home\gh_plugins\betterfbx\betterfbxlib\x64\release\betterfbxlib.obj
d:\home\gh_plugins\betterfbx\betterfbx\bin\release\net48\betterfbxlib.dll
d:\home\gh_plugins\betterfbx\betterfbx\bin\release\net48\betterfbxlib.pdb
d:\home\gh_plugins\betterfbx\betterfbxlib\x64\release\betterfbxlib.res
d:\home\gh_plugins\betterfbx\\betterfbx\bin\release\net48\betterfbxlib.pdb
d:\home\gh_plugins\betterfbx\betterfbxlib\x64\release\betterfbxlib.tlog\betterfbxlib.write.1u.tlog
d:\home\gh_plugins\betterfbx\betterfbxlib\x64\release\betterfbxlib.tlog\cl.command.1.tlog
d:\home\gh_plugins\betterfbx\betterfbxlib\x64\release\betterfbxlib.tlog\cl.read.1.tlog
d:\home\gh_plugins\betterfbx\betterfbxlib\x64\release\betterfbxlib.tlog\cl.write.1.tlog
d:\home\gh_plugins\betterfbx\betterfbxlib\x64\release\betterfbxlib.tlog\link.command.1.tlog
d:\home\gh_plugins\betterfbx\betterfbxlib\x64\release\betterfbxlib.tlog\link.read.1.tlog
d:\home\gh_plugins\betterfbx\betterfbxlib\x64\release\betterfbxlib.tlog\link.write.1.tlog
d:\home\gh_plugins\betterfbx\betterfbxlib\x64\release\betterfbxlib.tlog\rc.command.1.tlog
d:\home\gh_plugins\betterfbx\betterfbxlib\x64\release\betterfbxlib.tlog\rc.read.1.tlog
d:\home\gh_plugins\betterfbx\betterfbxlib\x64\release\betterfbxlib.tlog\rc.write.1.tlog
